-------------------------------------------------------------------------------
Test set: Google search functionality
-------------------------------------------------------------------------------
Tests run: 3, Failures: 1, Errors: 0, Skipped: 0, Time elapsed: 40.279 s <<< FAILURE! - in Google search functionality
Google search functionality.Search functionality result title verification #2  Time elapsed: 12.872 s  <<< FAILURE!
org.junit.ComparisonFailure: Title is not as expected expected:<[apple - Google Zoeken]> but was:<[Google]>

